This file contains any messages produced by compilers while
running configure, to aid debugging if configure makes a mistake.

It was created by libfixbuf configure 3.0.0.alpha2, which was
generated by GNU Autoconf 2.71.  Invocation command line was

  $ ./configure --no-create --no-recursion

## --------- ##
## Platform. ##
## --------- ##

hostname = galileo
uname -m = x86_64
uname -r = 6.5.0-15-generic
uname -s = Linux
uname -v = #15~22.04.1-Ubuntu SMP PREEMPT_DYNAMIC Fri Jan 12 18:54:30 UTC 2

/usr/bin/uname -p = x86_64
/bin/uname -X     = unknown

/bin/arch              = x86_64
/usr/bin/arch -k       = unknown
/usr/convex/getsysinfo = unknown
/usr/bin/hostinfo      = unknown
/bin/machine           = unknown
/usr/bin/oslevel       = unknown
/bin/universe          = unknown

PATH: /root/.pyenv/plugins/pyenv-virtualenv/shims/
PATH: /root/.pyenv/shims/
PATH: /root/.pyenv/bin/
PATH: /root/.cargo/bin/
PATH: /usr/local/sbin/
PATH: /usr/local/bin/
PATH: /usr/sbin/
PATH: /usr/bin/
PATH: /sbin/
PATH: /bin/
PATH: /usr/games/
PATH: /usr/local/games/
PATH: /snap/bin/


## ----------- ##
## Core tests. ##
## ----------- ##

configure:2810: looking for aux files: compile config.guess config.sub ltmain.sh missing install-sh
configure:2823:  trying ./autoconf/
configure:2852:   ./autoconf/compile found
configure:2852:   ./autoconf/config.guess found
configure:2852:   ./autoconf/config.sub found
configure:2852:   ./autoconf/ltmain.sh found
configure:2852:   ./autoconf/missing found
configure:2834:   ./autoconf/install-sh found
configure:2984: checking for a BSD-compatible install
configure:3057: result: /usr/bin/install -c
configure:3068: checking whether build environment is sane
configure:3123: result: yes
configure:3282: checking for a race-free mkdir -p
configure:3326: result: /usr/bin/mkdir -p
configure:3333: checking for gawk
configure:3368: result: no
configure:3333: checking for mawk
configure:3354: found /usr/bin/mawk
configure:3365: result: mawk
configure:3376: checking whether make sets $(MAKE)
configure:3399: result: yes
configure:3429: checking whether make supports nested variables
configure:3447: result: yes
configure:3623: checking build system type
configure:3638: result: x86_64-pc-linux-gnu
configure:3658: checking host system type
configure:3672: result: x86_64-pc-linux-gnu
configure:3713: checking how to print strings
configure:3740: result: printf
configure:3774: checking whether make supports the include directive
configure:3789: make -f confmf.GNU && cat confinc.out
make[1]: Entering directory '/home/caldejon/Development/shadowmeter/cert-nsa-libfixbuf'
make[1]: Leaving directory '/home/caldejon/Development/shadowmeter/cert-nsa-libfixbuf'
this is the am__doit target
configure:3792: $? = 0
configure:3811: result: yes (GNU style)
configure:3887: checking for gcc
configure:3908: found /usr/bin/gcc
configure:3919: result: gcc
configure:4272: checking for C compiler version
configure:4281: gcc --version >&5
gcc (Ubuntu 11.4.0-1ubuntu1~22.04) 11.4.0
Copyright (C) 2021 Free Software Foundation, Inc.
This is free software; see the source for copying conditions.  There is NO
warranty; not even for MERCHANTABILITY or FITNESS FOR A PARTICULAR PURPOSE.

configure:4292: $? = 0
configure:4281: gcc -v >&5
Using built-in specs.
COLLECT_GCC=gcc
COLLECT_LTO_WRAPPER=/usr/lib/gcc/x86_64-linux-gnu/11/lto-wrapper
OFFLOAD_TARGET_NAMES=nvptx-none:amdgcn-amdhsa
OFFLOAD_TARGET_DEFAULT=1
Target: x86_64-linux-gnu
Configured with: ../src/configure -v --with-pkgversion='Ubuntu 11.4.0-1ubuntu1~22.04' --with-bugurl=file:///usr/share/doc/gcc-11/README.Bugs --enable-languages=c,ada,c++,go,brig,d,fortran,objc,obj-c++,m2 --prefix=/usr --with-gcc-major-version-only --program-suffix=-11 --program-prefix=x86_64-linux-gnu- --enable-shared --enable-linker-build-id --libexecdir=/usr/lib --without-included-gettext --enable-threads=posix --libdir=/usr/lib --enable-nls --enable-bootstrap --enable-clocale=gnu --enable-libstdcxx-debug --enable-libstdcxx-time=yes --with-default-libstdcxx-abi=new --enable-gnu-unique-object --disable-vtable-verify --enable-plugin --enable-default-pie --with-system-zlib --enable-libphobos-checking=release --with-target-system-zlib=auto --enable-objc-gc=auto --enable-multiarch --disable-werror --enable-cet --with-arch-32=i686 --with-abi=m64 --with-multilib-list=m32,m64,mx32 --enable-multilib --with-tune=generic --enable-offload-targets=nvptx-none=/build/gcc-11-XeT9lY/gcc-11-11.4.0/debian/tmp-nvptx/usr,amdgcn-amdhsa=/build/gcc-11-XeT9lY/gcc-11-11.4.0/debian/tmp-gcn/usr --without-cuda-driver --enable-checking=release --build=x86_64-linux-gnu --host=x86_64-linux-gnu --target=x86_64-linux-gnu --with-build-config=bootstrap-lto-lean --enable-link-serialization=2
Thread model: posix
Supported LTO compression algorithms: zlib zstd
gcc version 11.4.0 (Ubuntu 11.4.0-1ubuntu1~22.04) 
... rest of stderr output deleted ...
configure:4292: $? = 0
configure:4281: gcc -V >&5
gcc: error: unrecognized command-line option '-V'
gcc: fatal error: no input files
compilation terminated.
configure:4292: $? = 1
configure:4281: gcc -qversion >&5
gcc: error: unrecognized command-line option '-qversion'; did you mean '--version'?
gcc: fatal error: no input files
compilation terminated.
configure:4292: $? = 1
configure:4281: gcc -version >&5
gcc: error: unrecognized command-line option '-version'
gcc: fatal error: no input files
compilation terminated.
configure:4292: $? = 1
configure:4312: checking whether the C compiler works
configure:4334: gcc    conftest.c  >&5
configure:4338: $? = 0
configure:4388: result: yes
configure:4391: checking for C compiler default output file name
configure:4393: result: a.out
configure:4399: checking for suffix of executables
configure:4406: gcc -o conftest    conftest.c  >&5
configure:4410: $? = 0
configure:4433: result: 
configure:4455: checking whether we are cross compiling
configure:4463: gcc -o conftest    conftest.c  >&5
configure:4467: $? = 0
configure:4474: ./conftest
configure:4478: $? = 0
configure:4493: result: no
configure:4498: checking for suffix of object files
configure:4521: gcc -c   conftest.c >&5
configure:4525: $? = 0
configure:4547: result: o
configure:4551: checking whether the compiler supports GNU C
configure:4571: gcc -c   conftest.c >&5
configure:4571: $? = 0
configure:4581: result: yes
configure:4592: checking whether gcc accepts -g
configure:4613: gcc -c -g  conftest.c >&5
configure:4613: $? = 0
configure:4657: result: yes
configure:4677: checking for gcc option to enable C11 features
configure:4692: gcc  -c -g -O2  conftest.c >&5
configure:4692: $? = 0
configure:4710: result: none needed
configure:4826: checking whether gcc understands -c and -o together
configure:4849: gcc -c conftest.c -o conftest2.o
configure:4852: $? = 0
configure:4849: gcc -c conftest.c -o conftest2.o
configure:4852: $? = 0
configure:4864: result: yes
configure:4883: checking dependency style of gcc
configure:4995: result: gcc3
configure:5010: checking for a sed that does not truncate output
configure:5080: result: /usr/bin/sed
configure:5098: checking for grep that handles long lines and -e
configure:5162: result: /usr/bin/grep
configure:5167: checking for egrep
configure:5235: result: /usr/bin/grep -E
configure:5240: checking for fgrep
configure:5308: result: /usr/bin/grep -F
configure:5344: checking for ld used by gcc
configure:5412: result: /usr/bin/ld
configure:5419: checking if the linker (/usr/bin/ld) is GNU ld
configure:5435: result: yes
configure:5447: checking for BSD- or MS-compatible name lister (nm)
configure:5502: result: /usr/bin/nm -B
configure:5642: checking the name lister (/usr/bin/nm -B) interface
configure:5650: gcc -c -g -O2  conftest.c >&5
configure:5653: /usr/bin/nm -B "conftest.o"
configure:5656: output
0000000000000000 B some_variable
configure:5663: result: BSD nm
configure:5666: checking whether ln -s works
configure:5670: result: yes
configure:5678: checking the maximum length of command line arguments
configure:5810: result: 1572864
configure:5858: checking how to convert x86_64-pc-linux-gnu file names to x86_64-pc-linux-gnu format
configure:5899: result: func_convert_file_noop
configure:5906: checking how to convert x86_64-pc-linux-gnu file names to toolchain format
configure:5927: result: func_convert_file_noop
configure:5934: checking for /usr/bin/ld option to reload object files
configure:5942: result: -r
configure:6021: checking for file
configure:6042: found /usr/bin/file
configure:6053: result: file
configure:6129: checking for objdump
configure:6150: found /usr/bin/objdump
configure:6161: result: objdump
configure:6193: checking how to recognize dependent libraries
configure:6394: result: pass_all
configure:6484: checking for dlltool
configure:6519: result: no
configure:6549: checking how to associate runtime and link libraries
configure:6577: result: printf %s\n
configure:6643: checking for ar
configure:6664: found /usr/bin/ar
configure:6675: result: ar
configure:6728: checking for archiver @FILE support
configure:6746: gcc -c -g -O2  conftest.c >&5
configure:6746: $? = 0
configure:6750: ar cr libconftest.a @conftest.lst >&5
configure:6753: $? = 0
configure:6758: ar cr libconftest.a @conftest.lst >&5
ar: conftest.o: No such file or directory
configure:6761: $? = 1
configure:6773: result: @
configure:6836: checking for strip
configure:6857: found /usr/bin/strip
configure:6868: result: strip
configure:6945: checking for ranlib
configure:6966: found /usr/bin/ranlib
configure:6977: result: ranlib
configure:7079: checking command to parse /usr/bin/nm -B output from gcc object
configure:7233: gcc -c -g -O2  conftest.c >&5
configure:7236: $? = 0
configure:7240: /usr/bin/nm -B conftest.o \| /usr/bin/sed -n -e 's/^.*[ ]\([ABCDGIRSTW][ABCDGIRSTW]*\)[ ][ ]*\([_A-Za-z][_A-Za-z0-9]*\)$/\1 \2 \2/p' | /usr/bin/sed '/ __gnu_lto/d' \> conftest.nm
configure:7243: $? = 0
configure:7309: gcc -o conftest -g -O2   conftest.c conftstm.o >&5
configure:7312: $? = 0
configure:7350: result: ok
configure:7397: checking for sysroot
configure:7428: result: no
configure:7435: checking for a working dd
configure:7479: result: /usr/bin/dd
configure:7483: checking how to truncate binary pipes
configure:7499: result: /usr/bin/dd bs=4096 count=1
configure:7636: gcc -c -g -O2  conftest.c >&5
configure:7639: $? = 0
configure:7836: checking for mt
configure:7857: found /usr/bin/mt
configure:7868: result: mt
configure:7891: checking if mt is a manifest tool
configure:7898: mt '-?'
configure:7906: result: no
configure:8631: checking for stdio.h
configure:8631: gcc -c -g -O2  conftest.c >&5
configure:8631: $? = 0
configure:8631: result: yes
configure:8631: checking for stdlib.h
configure:8631: gcc -c -g -O2  conftest.c >&5
configure:8631: $? = 0
configure:8631: result: yes
configure:8631: checking for string.h
configure:8631: gcc -c -g -O2  conftest.c >&5
configure:8631: $? = 0
configure:8631: result: yes
configure:8631: checking for inttypes.h
configure:8631: gcc -c -g -O2  conftest.c >&5
configure:8631: $? = 0
configure:8631: result: yes
configure:8631: checking for stdint.h
configure:8631: gcc -c -g -O2  conftest.c >&5
configure:8631: $? = 0
configure:8631: result: yes
configure:8631: checking for strings.h
configure:8631: gcc -c -g -O2  conftest.c >&5
configure:8631: $? = 0
configure:8631: result: yes
configure:8631: checking for sys/stat.h
configure:8631: gcc -c -g -O2  conftest.c >&5
configure:8631: $? = 0
configure:8631: result: yes
configure:8631: checking for sys/types.h
configure:8631: gcc -c -g -O2  conftest.c >&5
configure:8631: $? = 0
configure:8631: result: yes
configure:8631: checking for unistd.h
configure:8631: gcc -c -g -O2  conftest.c >&5
configure:8631: $? = 0
configure:8631: result: yes
configure:8656: checking for dlfcn.h
configure:8656: gcc -c -g -O2  conftest.c >&5
configure:8656: $? = 0
configure:8656: result: yes
configure:8915: checking for objdir
configure:8931: result: .libs
configure:9195: checking if gcc supports -fno-rtti -fno-exceptions
configure:9214: gcc -c -g -O2  -fno-rtti -fno-exceptions conftest.c >&5
cc1: warning: command-line option '-fno-rtti' is valid for C++/D/ObjC++ but not for C
configure:9218: $? = 0
configure:9231: result: no
configure:9589: checking for gcc option to produce PIC
configure:9597: result: -fPIC -DPIC
configure:9605: checking if gcc PIC flag -fPIC -DPIC works
configure:9624: gcc -c -g -O2  -fPIC -DPIC -DPIC conftest.c >&5
configure:9628: $? = 0
configure:9641: result: yes
configure:9670: checking if gcc static flag -static works
configure:9699: result: yes
configure:9714: checking if gcc supports -c -o file.o
configure:9736: gcc -c -g -O2  -o out/conftest2.o conftest.c >&5
configure:9740: $? = 0
configure:9762: result: yes
configure:9770: checking if gcc supports -c -o file.o
configure:9818: result: yes
configure:9851: checking whether the gcc linker (/usr/bin/ld -m elf_x86_64) supports shared libraries
configure:11119: result: yes
configure:11156: checking whether -lc should be explicitly linked in
configure:11165: gcc -c -g -O2  conftest.c >&5
configure:11168: $? = 0
configure:11183: gcc -shared  -fPIC -DPIC conftest.o  -v -Wl,-soname -Wl,conftest -o conftest 2\>\&1 \| /usr/bin/grep  -lc  \>/dev/null 2\>\&1
configure:11186: $? = 0
configure:11200: result: no
configure:11360: checking dynamic linker characteristics
configure:11942: gcc -o conftest -g -O2   -Wl,-rpath -Wl,/foo conftest.c  >&5
configure:11942: $? = 0
configure:12181: result: GNU/Linux ld.so
configure:12303: checking how to hardcode library paths into programs
configure:12328: result: immediate
configure:12880: checking whether stripping libraries is possible
configure:12889: result: yes
configure:12931: checking if libtool supports shared libraries
configure:12933: result: yes
configure:12936: checking whether to build shared libraries
configure:12961: result: yes
configure:12964: checking whether to build static libraries
configure:12968: result: yes
configure:13007: checking whether to enable maintainer-specific portions of Makefiles
configure:13017: result: yes
configure:13093: checking for gcc
configure:13125: result: gcc
configure:13478: checking for C compiler version
configure:13487: gcc --version >&5
gcc (Ubuntu 11.4.0-1ubuntu1~22.04) 11.4.0
Copyright (C) 2021 Free Software Foundation, Inc.
This is free software; see the source for copying conditions.  There is NO
warranty; not even for MERCHANTABILITY or FITNESS FOR A PARTICULAR PURPOSE.

configure:13498: $? = 0
configure:13487: gcc -v >&5
Using built-in specs.
COLLECT_GCC=gcc
COLLECT_LTO_WRAPPER=/usr/lib/gcc/x86_64-linux-gnu/11/lto-wrapper
OFFLOAD_TARGET_NAMES=nvptx-none:amdgcn-amdhsa
OFFLOAD_TARGET_DEFAULT=1
Target: x86_64-linux-gnu
Configured with: ../src/configure -v --with-pkgversion='Ubuntu 11.4.0-1ubuntu1~22.04' --with-bugurl=file:///usr/share/doc/gcc-11/README.Bugs --enable-languages=c,ada,c++,go,brig,d,fortran,objc,obj-c++,m2 --prefix=/usr --with-gcc-major-version-only --program-suffix=-11 --program-prefix=x86_64-linux-gnu- --enable-shared --enable-linker-build-id --libexecdir=/usr/lib --without-included-gettext --enable-threads=posix --libdir=/usr/lib --enable-nls --enable-bootstrap --enable-clocale=gnu --enable-libstdcxx-debug --enable-libstdcxx-time=yes --with-default-libstdcxx-abi=new --enable-gnu-unique-object --disable-vtable-verify --enable-plugin --enable-default-pie --with-system-zlib --enable-libphobos-checking=release --with-target-system-zlib=auto --enable-objc-gc=auto --enable-multiarch --disable-werror --enable-cet --with-arch-32=i686 --with-abi=m64 --with-multilib-list=m32,m64,mx32 --enable-multilib --with-tune=generic --enable-offload-targets=nvptx-none=/build/gcc-11-XeT9lY/gcc-11-11.4.0/debian/tmp-nvptx/usr,amdgcn-amdhsa=/build/gcc-11-XeT9lY/gcc-11-11.4.0/debian/tmp-gcn/usr --without-cuda-driver --enable-checking=release --build=x86_64-linux-gnu --host=x86_64-linux-gnu --target=x86_64-linux-gnu --with-build-config=bootstrap-lto-lean --enable-link-serialization=2
Thread model: posix
Supported LTO compression algorithms: zlib zstd
gcc version 11.4.0 (Ubuntu 11.4.0-1ubuntu1~22.04) 
... rest of stderr output deleted ...
configure:13498: $? = 0
configure:13487: gcc -V >&5
gcc: error: unrecognized command-line option '-V'
gcc: fatal error: no input files
compilation terminated.
configure:13498: $? = 1
configure:13487: gcc -qversion >&5
gcc: error: unrecognized command-line option '-qversion'; did you mean '--version'?
gcc: fatal error: no input files
compilation terminated.
configure:13498: $? = 1
configure:13487: gcc -version >&5
gcc: error: unrecognized command-line option '-version'
gcc: fatal error: no input files
compilation terminated.
configure:13498: $? = 1
configure:13502: checking whether the compiler supports GNU C
configure:13532: result: yes
configure:13543: checking whether gcc accepts -g
configure:13608: result: yes
configure:13628: checking for gcc option to enable C11 features
configure:13661: result: none needed
configure:13777: checking whether gcc understands -c and -o together
configure:13815: result: yes
configure:13834: checking dependency style of gcc
configure:13946: result: gcc3
configure:14011: checking whether gcc supports -Wall
configure:14029: gcc -c -g -O2 -Werror -Wall  conftest.c >&5
configure:14029: $? = 0
configure:14032: result: yes
configure:14011: checking whether gcc supports -Wextra
configure:14029: gcc -c -g -O2 -Werror -Wextra  conftest.c >&5
configure:14029: $? = 0
configure:14032: result: yes
configure:14011: checking whether gcc supports -Wshadow
configure:14029: gcc -c -g -O2 -Werror -Wshadow  conftest.c >&5
configure:14029: $? = 0
configure:14032: result: yes
configure:14011: checking whether gcc supports -Wpointer-arith
configure:14029: gcc -c -g -O2 -Werror -Wpointer-arith  conftest.c >&5
configure:14029: $? = 0
configure:14032: result: yes
configure:14011: checking whether gcc supports -Wformat=2
configure:14029: gcc -c -g -O2 -Werror -Wformat=2  conftest.c >&5
configure:14029: $? = 0
configure:14032: result: yes
configure:14011: checking whether gcc supports -Wunused
configure:14029: gcc -c -g -O2 -Werror -Wunused  conftest.c >&5
configure:14029: $? = 0
configure:14032: result: yes
configure:14011: checking whether gcc supports -Wundef
configure:14029: gcc -c -g -O2 -Werror -Wundef  conftest.c >&5
configure:14029: $? = 0
configure:14032: result: yes
configure:14011: checking whether gcc supports -Wduplicated-cond
configure:14029: gcc -c -g -O2 -Werror -Wduplicated-cond  conftest.c >&5
configure:14029: $? = 0
configure:14032: result: yes
configure:14011: checking whether gcc supports -Wwrite-strings
configure:14029: gcc -c -g -O2 -Werror -Wwrite-strings  conftest.c >&5
configure:14029: $? = 0
configure:14032: result: yes
configure:14011: checking whether gcc supports -Wmissing-prototypes
configure:14029: gcc -c -g -O2 -Werror -Wmissing-prototypes  conftest.c >&5
configure:14029: $? = 0
configure:14032: result: yes
configure:14011: checking whether gcc supports -Wstrict-prototypes
configure:14029: gcc -c -g -O2 -Werror -Wstrict-prototypes  conftest.c >&5
configure:14029: $? = 0
configure:14032: result: yes
configure:14059: checking whether ln -s works
configure:14063: result: yes
configure:14070: checking whether make sets $(MAKE)
configure:14093: result: yes
configure:14104: checking for unistd.h
configure:14104: result: yes
configure:14110: checking for stdint.h
configure:14110: result: yes
configure:14116: checking for errno.h
configure:14116: gcc -c -g -O2  conftest.c >&5
configure:14116: $? = 0
configure:14116: result: yes
configure:14122: checking for arpa/inet.h
configure:14122: gcc -c -g -O2  conftest.c >&5
configure:14122: $? = 0
configure:14122: result: yes
configure:14128: checking for netinet/in.h
configure:14128: gcc -c -g -O2  conftest.c >&5
configure:14128: $? = 0
configure:14128: result: yes
configure:14134: checking for sys/errno.h
configure:14134: gcc -c -g -O2  conftest.c >&5
configure:14134: $? = 0
configure:14134: result: yes
configure:14140: checking for sys/socket.h
configure:14140: gcc -c -g -O2  conftest.c >&5
configure:14140: $? = 0
configure:14140: result: yes
configure:14146: checking for pthread.h
configure:14146: gcc -c -g -O2  conftest.c >&5
configure:14146: $? = 0
configure:14146: result: yes
configure:14154: checking if malloc debugging is wanted
configure:14173: result: no
configure:14295: checking for doxygen
configure:14333: result: no
configure:14353: WARNING: doxygen not found - will not generate any doxygen documentation
configure:14411: checking for perl
configure:14434: found /usr/bin/perl
configure:14446: result: /usr/bin/perl
configure:16229: checking if pointers to integers require aligned access
configure:16263: gcc -o conftest -g -O2   conftest.c  >&5
configure:16263: $? = 0
configure:16263: ./conftest
configure:16263: $? = 0
configure:16274: result: no
configure:16388: checking for pkg-config
configure:16411: found /usr/bin/pkg-config
configure:16423: result: /usr/bin/pkg-config
configure:16448: checking pkg-config is at least version 0.16
configure:16451: result: yes
configure:16469: checking for glib-2.0 >= 2.18.0 gthread-2.0
configure:16476: $PKG_CONFIG --exists --print-errors "$pkg_config_args"
configure:16479: $? = 0
configure:16493: $PKG_CONFIG --exists --print-errors "$pkg_config_args"
configure:16496: $? = 0
configure:16534: result: yes
configure:16544: $PKG_CONFIG --exists --print-errors "glib-2.0"
configure:16547: $? = 0
configure:16568: $PKG_CONFIG --exists --print-errors "glib-2.0"
configure:16571: $? = 0
configure:16592: $PKG_CONFIG --exists --print-errors "glib-2.0"
configure:16595: $? = 0
configure:16616: $PKG_CONFIG --exists --print-errors "gio-2.0"
configure:16619: $? = 0
configure:16636: checking for GLIB - version >= 2.18.0
configure:16742: gcc -o conftest -g -O2 -pthread -I/usr/include/glib-2.0 -I/usr/lib/x86_64-linux-gnu/glib-2.0/include   conftest.c -lgthread-2.0 -pthread -lglib-2.0  >&5
configure:16742: $? = 0
configure:16742: ./conftest
configure:16742: $? = 0
configure:16757: result: yes (version 2.72.4)
configure:16851: checking for getaddrinfo
configure:16851: gcc -o conftest -g -O2   conftest.c  >&5
configure:16851: $? = 0
configure:16851: result: yes
configure:16858: checking for gcc options needed to detect all undeclared functions
configure:16880: gcc -c -g -O2   conftest.c >&5
conftest.c: In function 'main':
conftest.c:36:8: error: 'strchr' undeclared (first use in this function)
   36 | (void) strchr;
      |        ^~~~~~
conftest.c:1:1: note: 'strchr' is defined in header '<string.h>'; did you forget to '#include <string.h>'?
    1 | /* confdefs.h */
conftest.c:36:8: note: each undeclared identifier is reported only once for each function it appears in
   36 | (void) strchr;
      |        ^~~~~~
configure:16880: $? = 1
configure: failed program was:
| /* confdefs.h */
| #define PACKAGE_NAME "libfixbuf"
| #define PACKAGE_TARNAME "libfixbuf"
| #define PACKAGE_VERSION "3.0.0.alpha2"
| #define PACKAGE_STRING "libfixbuf 3.0.0.alpha2"
| #define PACKAGE_BUGREPORT "netsa-help@cert.org"
| #define PACKAGE_URL "http://tools.netsa.cert.org/fixbuf/"
| #define PACKAGE "libfixbuf"
| #define VERSION "3.0.0.alpha2"
| #define HAVE_STDIO_H 1
| #define HAVE_STDLIB_H 1
| #define HAVE_STRING_H 1
| #define HAVE_INTTYPES_H 1
| #define HAVE_STDINT_H 1
| #define HAVE_STRINGS_H 1
| #define HAVE_SYS_STAT_H 1
| #define HAVE_SYS_TYPES_H 1
| #define HAVE_UNISTD_H 1
| #define STDC_HEADERS 1
| #define HAVE_DLFCN_H 1
| #define LT_OBJDIR ".libs/"
| #define HAVE_UNISTD_H 1
| #define HAVE_STDINT_H 1
| #define HAVE_ERRNO_H 1
| #define HAVE_ARPA_INET_H 1
| #define HAVE_NETINET_IN_H 1
| #define HAVE_SYS_ERRNO_H 1
| #define HAVE_SYS_SOCKET_H 1
| #define HAVE_PTHREAD_H 1
| #define HAVE_GETADDRINFO 1
| /* end confdefs.h.  */
| 
| int
| main (void)
| {
| (void) strchr;
|   ;
|   return 0;
| }
configure:16907: gcc -c -g -O2   conftest.c >&5
configure:16907: $? = 0
configure:16924: result: none needed
configure:16938: checking whether ntohll is declared
configure:16938: gcc -c -g -O2   conftest.c >&5
conftest.c: In function 'main':
conftest.c:67:10: error: 'ntohll' undeclared (first use in this function); did you mean 'atoll'?
   67 |   (void) ntohll;
      |          ^~~~~~
      |          atoll
conftest.c:67:10: note: each undeclared identifier is reported only once for each function it appears in
configure:16938: $? = 1
configure: failed program was:
| /* confdefs.h */
| #define PACKAGE_NAME "libfixbuf"
| #define PACKAGE_TARNAME "libfixbuf"
| #define PACKAGE_VERSION "3.0.0.alpha2"
| #define PACKAGE_STRING "libfixbuf 3.0.0.alpha2"
| #define PACKAGE_BUGREPORT "netsa-help@cert.org"
| #define PACKAGE_URL "http://tools.netsa.cert.org/fixbuf/"
| #define PACKAGE "libfixbuf"
| #define VERSION "3.0.0.alpha2"
| #define HAVE_STDIO_H 1
| #define HAVE_STDLIB_H 1
| #define HAVE_STRING_H 1
| #define HAVE_INTTYPES_H 1
| #define HAVE_STDINT_H 1
| #define HAVE_STRINGS_H 1
| #define HAVE_SYS_STAT_H 1
| #define HAVE_SYS_TYPES_H 1
| #define HAVE_UNISTD_H 1
| #define STDC_HEADERS 1
| #define HAVE_DLFCN_H 1
| #define LT_OBJDIR ".libs/"
| #define HAVE_UNISTD_H 1
| #define HAVE_STDINT_H 1
| #define HAVE_ERRNO_H 1
| #define HAVE_ARPA_INET_H 1
| #define HAVE_NETINET_IN_H 1
| #define HAVE_SYS_ERRNO_H 1
| #define HAVE_SYS_SOCKET_H 1
| #define HAVE_PTHREAD_H 1
| #define HAVE_GETADDRINFO 1
| /* end confdefs.h.  */
| #include <stddef.h>
| #ifdef HAVE_STDIO_H
| # include <stdio.h>
| #endif
| #ifdef HAVE_STDLIB_H
| # include <stdlib.h>
| #endif
| #ifdef HAVE_STRING_H
| # include <string.h>
| #endif
| #ifdef HAVE_INTTYPES_H
| # include <inttypes.h>
| #endif
| #ifdef HAVE_STDINT_H
| # include <stdint.h>
| #endif
| #ifdef HAVE_STRINGS_H
| # include <strings.h>
| #endif
| #ifdef HAVE_SYS_TYPES_H
| # include <sys/types.h>
| #endif
| #ifdef HAVE_SYS_STAT_H
| # include <sys/stat.h>
| #endif
| #ifdef HAVE_UNISTD_H
| # include <unistd.h>
| #endif
| int
| main (void)
| {
| #ifndef ntohll
| #ifdef __cplusplus
|   (void) ntohll;
| #else
|   (void) ntohll;
| #endif
| #endif
| 
|   ;
|   return 0;
| }
configure:16938: result: no
configure:16948: checking for pthread_mutex_lock in -lpthread
configure:16971: gcc -o conftest -g -O2   conftest.c -lpthread   >&5
configure:16971: $? = 0
configure:16981: result: yes
configure:16997: checking for library containing nanosleep
configure:17027: gcc -o conftest -g -O2   conftest.c -lpthread  >&5
configure:17027: $? = 0
configure:17047: result: none required
configure:17056: checking for library containing inet_ntoa
configure:17086: gcc -o conftest -g -O2   conftest.c -lpthread  >&5
configure:17086: $? = 0
configure:17106: result: none required
configure:17115: checking for library containing socket
configure:17145: gcc -o conftest -g -O2   conftest.c -lpthread  >&5
configure:17145: $? = 0
configure:17165: result: none required
configure:17179: checking size of double
configure:17185: gcc -o conftest -g -O2   conftest.c -lpthread  >&5
configure:17185: $? = 0
configure:17185: ./conftest
configure:17185: $? = 0
configure:17200: result: 8
configure:17212: checking size of float
configure:17218: gcc -o conftest -g -O2   conftest.c -lpthread  >&5
configure:17218: $? = 0
configure:17218: ./conftest
configure:17218: $? = 0
configure:17233: result: 4
configure:17527: checking for information element files
configure:17538: result: src/infomodel/{cert ipfix netflowv9}
configure:17543: checking for perl
configure:17566: found /usr/bin/perl
configure:17578: result: /usr/bin/perl
configure:17617: checking for pod2man
configure:17640: found /usr/bin/pod2man
configure:17652: result: /usr/bin/pod2man
configure:17662: checking for pod2html
configure:17685: found /usr/bin/pod2html
configure:17697: result: /usr/bin/pod2html
configure:17899: checking that generated files are newer than configure
configure:17905: result: done
configure:18028: creating ./config.status

## ---------------- ##
## Cache variables. ##
## ---------------- ##

ac_cv_build=x86_64-pc-linux-gnu
ac_cv_c_compiler_gnu=yes
ac_cv_c_undeclared_builtin_options='none needed'
ac_cv_env_CC_set=
ac_cv_env_CC_value=
ac_cv_env_CFLAGS_set=
ac_cv_env_CFLAGS_value=
ac_cv_env_CPPFLAGS_set=
ac_cv_env_CPPFLAGS_value=
ac_cv_env_DOXYGEN_PAPER_SIZE_set=
ac_cv_env_DOXYGEN_PAPER_SIZE_value=
ac_cv_env_GLIB_CFLAGS_set=
ac_cv_env_GLIB_CFLAGS_value=
ac_cv_env_GLIB_COMPILE_RESOURCES_set=
ac_cv_env_GLIB_COMPILE_RESOURCES_value=
ac_cv_env_GLIB_GENMARSHAL_set=
ac_cv_env_GLIB_GENMARSHAL_value=
ac_cv_env_GLIB_LIBS_set=
ac_cv_env_GLIB_LIBS_value=
ac_cv_env_GLIB_MKENUMS_set=
ac_cv_env_GLIB_MKENUMS_value=
ac_cv_env_GOBJECT_QUERY_set=
ac_cv_env_GOBJECT_QUERY_value=
ac_cv_env_LDFLAGS_set=
ac_cv_env_LDFLAGS_value=
ac_cv_env_LIBS_set=
ac_cv_env_LIBS_value=
ac_cv_env_LT_SYS_LIBRARY_PATH_set=
ac_cv_env_LT_SYS_LIBRARY_PATH_value=
ac_cv_env_PKG_CONFIG_LIBDIR_set=
ac_cv_env_PKG_CONFIG_LIBDIR_value=
ac_cv_env_PKG_CONFIG_PATH_set=
ac_cv_env_PKG_CONFIG_PATH_value=
ac_cv_env_PKG_CONFIG_set=
ac_cv_env_PKG_CONFIG_value=
ac_cv_env_build_alias_set=
ac_cv_env_build_alias_value=
ac_cv_env_host_alias_set=
ac_cv_env_host_alias_value=
ac_cv_env_target_alias_set=
ac_cv_env_target_alias_value=
ac_cv_func_getaddrinfo=yes
ac_cv_have_decl_ntohll=no
ac_cv_header_arpa_inet_h=yes
ac_cv_header_dlfcn_h=yes
ac_cv_header_errno_h=yes
ac_cv_header_inttypes_h=yes
ac_cv_header_netinet_in_h=yes
ac_cv_header_pthread_h=yes
ac_cv_header_stdint_h=yes
ac_cv_header_stdio_h=yes
ac_cv_header_stdlib_h=yes
ac_cv_header_string_h=yes
ac_cv_header_strings_h=yes
ac_cv_header_sys_errno_h=yes
ac_cv_header_sys_socket_h=yes
ac_cv_header_sys_stat_h=yes
ac_cv_header_sys_types_h=yes
ac_cv_header_unistd_h=yes
ac_cv_host=x86_64-pc-linux-gnu
ac_cv_lib_pthread_pthread_mutex_lock=yes
ac_cv_objext=o
ac_cv_path_EGREP='/usr/bin/grep -E'
ac_cv_path_FGREP='/usr/bin/grep -F'
ac_cv_path_GREP=/usr/bin/grep
ac_cv_path_PERL=/usr/bin/perl
ac_cv_path_POD2HTML=/usr/bin/pod2html
ac_cv_path_POD2MAN=/usr/bin/pod2man
ac_cv_path_SED=/usr/bin/sed
ac_cv_path_ac_pt_DX_PERL=/usr/bin/perl
ac_cv_path_ac_pt_PKG_CONFIG=/usr/bin/pkg-config
ac_cv_path_install='/usr/bin/install -c'
ac_cv_path_lt_DD=/usr/bin/dd
ac_cv_path_mkdir=/usr/bin/mkdir
ac_cv_prog_AWK=mawk
ac_cv_prog_ac_ct_AR=ar
ac_cv_prog_ac_ct_CC=gcc
ac_cv_prog_ac_ct_FILECMD=file
ac_cv_prog_ac_ct_MANIFEST_TOOL=mt
ac_cv_prog_ac_ct_OBJDUMP=objdump
ac_cv_prog_ac_ct_RANLIB=ranlib
ac_cv_prog_ac_ct_STRIP=strip
ac_cv_prog_cc_c11=
ac_cv_prog_cc_g=yes
ac_cv_prog_cc_stdc=
ac_cv_prog_make_make_set=yes
ac_cv_search_inet_ntoa='none required'
ac_cv_search_nanosleep='none required'
ac_cv_search_socket='none required'
ac_cv_sizeof_double=8
ac_cv_sizeof_float=4
am_cv_CC_dependencies_compiler_type=gcc3
am_cv_make_support_nested_variables=yes
am_cv_prog_cc_c_o=yes
ax_cv_have_aligned_access_required=no
lt_cv_ar_at_file=@
lt_cv_archive_cmds_need_lc=no
lt_cv_deplibs_check_method=pass_all
lt_cv_file_magic_cmd='$MAGIC_CMD'
lt_cv_file_magic_test_file=
lt_cv_ld_reload_flag=-r
lt_cv_nm_interface='BSD nm'
lt_cv_objdir=.libs
lt_cv_path_LD=/usr/bin/ld
lt_cv_path_NM='/usr/bin/nm -B'
lt_cv_path_mainfest_tool=no
lt_cv_prog_compiler_c_o=yes
lt_cv_prog_compiler_pic='-fPIC -DPIC'
lt_cv_prog_compiler_pic_works=yes
lt_cv_prog_compiler_rtti_exceptions=no
lt_cv_prog_compiler_static_works=yes
lt_cv_prog_gnu_ld=yes
lt_cv_sharedlib_from_linklib_cmd='printf %s\n'
lt_cv_shlibpath_overrides_runpath=yes
lt_cv_sys_global_symbol_pipe='/usr/bin/sed -n -e '\''s/^.*[	 ]\([ABCDGIRSTW][ABCDGIRSTW]*\)[	 ][	 ]*\([_A-Za-z][_A-Za-z0-9]*\)$/\1 \2 \2/p'\'' | /usr/bin/sed '\''/ __gnu_lto/d'\'''
lt_cv_sys_global_symbol_to_c_name_address='/usr/bin/sed -n -e '\''s/^: \(.*\) .*$/  {"\1", (void *) 0},/p'\'' -e '\''s/^[ABCDGIRSTW][ABCDGIRSTW]* .* \(.*\)$/  {"\1", (void *) \&\1},/p'\'''
lt_cv_sys_global_symbol_to_c_name_address_lib_prefix='/usr/bin/sed -n -e '\''s/^: \(.*\) .*$/  {"\1", (void *) 0},/p'\'' -e '\''s/^[ABCDGIRSTW][ABCDGIRSTW]* .* \(lib.*\)$/  {"\1", (void *) \&\1},/p'\'' -e '\''s/^[ABCDGIRSTW][ABCDGIRSTW]* .* \(.*\)$/  {"lib\1", (void *) \&\1},/p'\'''
lt_cv_sys_global_symbol_to_cdecl='/usr/bin/sed -n -e '\''s/^T .* \(.*\)$/extern int \1();/p'\'' -e '\''s/^[ABCDGIRSTW][ABCDGIRSTW]* .* \(.*\)$/extern char \1;/p'\'''
lt_cv_sys_global_symbol_to_import=
lt_cv_sys_max_cmd_len=1572864
lt_cv_to_host_file_cmd=func_convert_file_noop
lt_cv_to_tool_file_cmd=func_convert_file_noop
lt_cv_truncate_bin='/usr/bin/dd bs=4096 count=1'
pkg_cv_GLIB_CFLAGS='-pthread -I/usr/include/glib-2.0 -I/usr/lib/x86_64-linux-gnu/glib-2.0/include'
pkg_cv_GLIB_COMPILE_RESOURCES=/usr/bin/glib-compile-resources
pkg_cv_GLIB_GENMARSHAL=/usr/bin/glib-genmarshal
pkg_cv_GLIB_LIBS='-lgthread-2.0 -pthread -lglib-2.0'
pkg_cv_GLIB_MKENUMS=/usr/bin/glib-mkenums
pkg_cv_GOBJECT_QUERY=/usr/bin/gobject-query

## ----------------- ##
## Output variables. ##
## ----------------- ##

ACLOCAL='${SHELL} '\''/home/caldejon/Development/shadowmeter/cert-nsa-libfixbuf/autoconf/missing'\'' aclocal-1.16'
AMDEPBACKSLASH='\'
AMDEP_FALSE='#'
AMDEP_TRUE=''
AMTAR='$${TAR-tar}'
AM_BACKSLASH='\'
AM_CPPFLAGS='-I. -I$(top_srcdir)/include'
AM_DEFAULT_V='$(AM_DEFAULT_VERBOSITY)'
AM_DEFAULT_VERBOSITY='1'
AM_V='$(V)'
AR='ar'
AUTOCONF='${SHELL} '\''/home/caldejon/Development/shadowmeter/cert-nsa-libfixbuf/autoconf/missing'\'' autoconf'
AUTOHEADER='${SHELL} '\''/home/caldejon/Development/shadowmeter/cert-nsa-libfixbuf/autoconf/missing'\'' autoheader'
AUTOMAKE='${SHELL} '\''/home/caldejon/Development/shadowmeter/cert-nsa-libfixbuf/autoconf/missing'\'' automake-1.16'
AWK='mawk'
BUILD_DATE='%v'
CC='gcc'
CCDEPMODE='depmode=gcc3'
CFLAGS='-g -O2'
CPPFLAGS=''
CSCOPE='cscope'
CTAGS='ctags'
CYGPATH_W='echo'
DEBUG_CFLAGS='-DNDEBUG -DG_DISABLE_ASSERT'
DEFS='-DHAVE_CONFIG_H'
DEPDIR='.deps'
DLLTOOL='false'
DOXYGEN_PAPER_SIZE=''
DSYMUTIL=''
DUMPBIN=''
DX_COND_chi_FALSE=''
DX_COND_chi_TRUE='#'
DX_COND_chm_FALSE=''
DX_COND_chm_TRUE='#'
DX_COND_doc_FALSE=''
DX_COND_doc_TRUE='#'
DX_COND_dot_FALSE=''
DX_COND_dot_TRUE='#'
DX_COND_html_FALSE=''
DX_COND_html_TRUE='#'
DX_COND_latex_FALSE=''
DX_COND_latex_TRUE='#'
DX_COND_man_FALSE=''
DX_COND_man_TRUE='#'
DX_COND_pdf_FALSE=''
DX_COND_pdf_TRUE='#'
DX_COND_ps_FALSE=''
DX_COND_ps_TRUE='#'
DX_COND_rtf_FALSE=''
DX_COND_rtf_TRUE='#'
DX_COND_xml_FALSE=''
DX_COND_xml_TRUE='#'
DX_CONFIG='Doxyfile'
DX_DOCDIR='doc'
DX_DOT=''
DX_DOXYGEN=''
DX_DVIPS=''
DX_EGREP=''
DX_ENV=' SRCDIR='\''.'\'' PROJECT='\''libfixbuf'\'' DOCDIR='\''doc'\'' VERSION='\''3.0.0.alpha2'\'' HAVE_DOT='\''NO'\'' GENERATE_MAN='\''NO'\'' GENERATE_RTF='\''NO'\'' GENERATE_XML='\''NO'\'' GENERATE_HTMLHELP='\''NO'\'' GENERATE_CHI='\''NO'\'' GENERATE_HTML='\''NO'\'' GENERATE_LATEX='\''NO'\'''
DX_FLAG_chi='0'
DX_FLAG_chm='0'
DX_FLAG_doc='0'
DX_FLAG_dot='0'
DX_FLAG_html='0'
DX_FLAG_man='0'
DX_FLAG_pdf='0'
DX_FLAG_ps='0'
DX_FLAG_rtf='0'
DX_FLAG_xml='0'
DX_HHC=''
DX_LATEX=''
DX_MAKEINDEX=''
DX_PDFLATEX=''
DX_PERL='/usr/bin/perl'
DX_PROJECT='libfixbuf'
ECHO_C=''
ECHO_N='-n'
ECHO_T=''
EGREP='/usr/bin/grep -E'
ENABLE_TOOLS_FALSE='#'
ENABLE_TOOLS_TRUE=''
ETAGS='etags'
EXEEXT=''
FGREP='/usr/bin/grep -F'
FILECMD='file'
FIXBUF_REQ_LIBSCTP=''
FIXBUF_REQ_LIBSSL=''
FIXBUF_REQ_SCTPDEV=''
GLIB_CFLAGS='-pthread -I/usr/include/glib-2.0 -I/usr/lib/x86_64-linux-gnu/glib-2.0/include'
GLIB_COMPILE_RESOURCES='/usr/bin/glib-compile-resources'
GLIB_GENMARSHAL='/usr/bin/glib-genmarshal'
GLIB_LDADD=''
GLIB_LIBS='-lgthread-2.0 -pthread -lglib-2.0'
GLIB_MKENUMS='/usr/bin/glib-mkenums'
GOBJECT_QUERY='/usr/bin/gobject-query'
GREP='/usr/bin/grep'
INFOMODEL_REGISTRIES='cert.xml ipfix.xml netflowv9.xml'
INFOMODEL_REGISTRY_INCLUDES='$(top_builddir)/src/infomodel/cert.i $(top_builddir)/src/infomodel/ipfix.i $(top_builddir)/src/infomodel/netflowv9.i'
INFOMODEL_REGISTRY_INCLUDE_FILES='cert.i ipfix.i netflowv9.i'
INFOMODEL_REGISTRY_PREFIXES='cert ipfix netflowv9'
INSTALL_DATA='${INSTALL} -m 644'
INSTALL_PROGRAM='${INSTALL}'
INSTALL_SCRIPT='${INSTALL}'
INSTALL_STRIP_PROGRAM='$(install_sh) -c -s'
LD='/usr/bin/ld -m elf_x86_64'
LDFLAGS=''
LIBCOMPAT='10:0:0'
LIBOBJS=''
LIBS='-lpthread '
LIBTOOL='$(SHELL) $(top_builddir)/libtool'
LIPO=''
LN_S='ln -s'
LTLIBOBJS=''
LT_SYS_LIBRARY_PATH=''
MAINT=''
MAINTAINER_MODE_FALSE='#'
MAINTAINER_MODE_TRUE=''
MAKEINFO='${SHELL} '\''/home/caldejon/Development/shadowmeter/cert-nsa-libfixbuf/autoconf/missing'\'' makeinfo'
MANIFEST_TOOL=':'
MKDIR_P='/usr/bin/mkdir -p'
NM='/usr/bin/nm -B'
NMEDIT=''
OBJDUMP='objdump'
OBJEXT='o'
OTOOL64=''
OTOOL=''
PACKAGE='libfixbuf'
PACKAGE_BUGREPORT='netsa-help@cert.org'
PACKAGE_NAME='libfixbuf'
PACKAGE_STRING='libfixbuf 3.0.0.alpha2'
PACKAGE_TARNAME='libfixbuf'
PACKAGE_URL='http://tools.netsa.cert.org/fixbuf/'
PACKAGE_VERSION='3.0.0.alpha2'
PACKAGE_VERSION_BUILD='0'
PACKAGE_VERSION_MAJOR='3'
PACKAGE_VERSION_MINOR='0'
PACKAGE_VERSION_RELEASE='0'
PATH_SEPARATOR=':'
PERL='/usr/bin/perl'
PKG_CONFIG='/usr/bin/pkg-config'
PKG_CONFIG_LIBDIR=''
PKG_CONFIG_PATH=''
POD2HTML='/usr/bin/pod2html'
POD2MAN='/usr/bin/pod2man'
RANLIB='ranlib'
RPM_CONFIG_FLAGS=''
SED='/usr/bin/sed'
SET_MAKE=''
SHELL='/bin/bash'
STRIP='strip'
VERSION='3.0.0.alpha2'
WARN_CFLAGS=' -Wall -Wextra -Wshadow -Wpointer-arith -Wformat=2 -Wunused -Wundef -Wduplicated-cond -Wwrite-strings -Wmissing-prototypes -Wstrict-prototypes'
XSLTPROC='${SHELL} '\''/home/caldejon/Development/shadowmeter/cert-nsa-libfixbuf/autoconf/missing'\'' xsltproc'
abs_top_builddir=''
abs_top_srcdir=''
ac_ct_AR='ar'
ac_ct_CC='gcc'
ac_ct_DUMPBIN=''
am__EXEEXT_FALSE=''
am__EXEEXT_TRUE='#'
am__fastdepCC_FALSE='#'
am__fastdepCC_TRUE=''
am__include='include'
am__isrc=''
am__leading_dot='.'
am__nodep='_no'
am__quote=''
am__tar='$${TAR-tar} chof - "$$tardir"'
am__untar='$${TAR-tar} xf -'
bindir='${exec_prefix}/bin'
build='x86_64-pc-linux-gnu'
build_alias=''
build_cpu='x86_64'
build_os='linux-gnu'
build_vendor='pc'
datadir='${datarootdir}'
datarootdir='${prefix}/share'
docdir='${datarootdir}/doc/${PACKAGE_TARNAME}'
dvidir='${docdir}'
exec_prefix='${prefix}'
host='x86_64-pc-linux-gnu'
host_alias=''
host_cpu='x86_64'
host_os='linux-gnu'
host_vendor='pc'
htmldir='${docdir}'
includedir='${prefix}/include'
infodir='${datarootdir}/info'
install_sh='${SHELL} /home/caldejon/Development/shadowmeter/cert-nsa-libfixbuf/autoconf/install-sh'
libdir='${exec_prefix}/lib'
libexecdir='${exec_prefix}/libexec'
localedir='${datarootdir}/locale'
localstatedir='${prefix}/var'
mandir='${datarootdir}/man'
mkdir_p='$(MKDIR_P)'
oldincludedir='/usr/include'
pdfdir='${docdir}'
prefix='/usr/local'
program_transform_name='s,x,x,'
psdir='${docdir}'
runstatedir='${localstatedir}/run'
sbindir='${exec_prefix}/sbin'
sharedstatedir='${prefix}/com'
sysconfdir='${prefix}/etc'
target_alias=''

## ----------- ##
## confdefs.h. ##
## ----------- ##

/* confdefs.h */
#define PACKAGE_NAME "libfixbuf"
#define PACKAGE_TARNAME "libfixbuf"
#define PACKAGE_VERSION "3.0.0.alpha2"
#define PACKAGE_STRING "libfixbuf 3.0.0.alpha2"
#define PACKAGE_BUGREPORT "netsa-help@cert.org"
#define PACKAGE_URL "http://tools.netsa.cert.org/fixbuf/"
#define PACKAGE "libfixbuf"
#define VERSION "3.0.0.alpha2"
#define HAVE_STDIO_H 1
#define HAVE_STDLIB_H 1
#define HAVE_STRING_H 1
#define HAVE_INTTYPES_H 1
#define HAVE_STDINT_H 1
#define HAVE_STRINGS_H 1
#define HAVE_SYS_STAT_H 1
#define HAVE_SYS_TYPES_H 1
#define HAVE_UNISTD_H 1
#define STDC_HEADERS 1
#define HAVE_DLFCN_H 1
#define LT_OBJDIR ".libs/"
#define HAVE_UNISTD_H 1
#define HAVE_STDINT_H 1
#define HAVE_ERRNO_H 1
#define HAVE_ARPA_INET_H 1
#define HAVE_NETINET_IN_H 1
#define HAVE_SYS_ERRNO_H 1
#define HAVE_SYS_SOCKET_H 1
#define HAVE_PTHREAD_H 1
#define HAVE_GETADDRINFO 1
#define HAVE_DECL_NTOHLL 0
#define HAVE_LIBPTHREAD 1
#define SIZEOF_DOUBLE 8
#define SIZEOF_FLOAT 4
#define FB_ABORT_ON_DEFAULTED_LENGTH 1

configure: exit 0

## ---------------------- ##
## Running config.status. ##
## ---------------------- ##

This file was extended by libfixbuf config.status 3.0.0.alpha2, which was
generated by GNU Autoconf 2.71.  Invocation command line was

  CONFIG_FILES    = 
  CONFIG_HEADERS  = 
  CONFIG_LINKS    = 
  CONFIG_COMMANDS = 
  $ ./config.status 

on galileo

config.status:1206: creating Makefile
config.status:1206: creating src/Makefile
config.status:1206: creating src/infomodel/Makefile
config.status:1206: creating include/Makefile
config.status:1206: creating include/fixbuf/version.h
config.status:1206: creating libfixbuf.pc
config.status:1206: creating libfixbuf.spec
config.status:1206: creating Doxyfile
config.status:1206: creating include/fixbuf/config.h
config.status:1387: include/fixbuf/config.h is unchanged
config.status:1435: executing depfiles commands
config.status:1512: cd src       && sed -e '/# am--include-marker/d' Makefile         | make -f - am--depfiles
make[1]: Entering directory '/home/caldejon/Development/shadowmeter/cert-nsa-libfixbuf/src'
make[1]: Nothing to be done for 'am--depfiles'.
make[1]: Leaving directory '/home/caldejon/Development/shadowmeter/cert-nsa-libfixbuf/src'
config.status:1517: $? = 0
config.status:1435: executing libtool commands
config.status:1435: executing print-config commands
